2026-04-16 11:38:33,162 - INFO - Starting load_file
2026-04-16 11:38:33,180 - INFO - Finished load_file
2026-04-16 11:38:33,188 - INFO - Starting clean_data
2026-04-16 11:38:33,198 - INFO - Finished clean_data
2026-04-16 11:38:33,208 - INFO - Starting save_file
2026-04-16 11:38:33,226 - INFO - Finished save_file
2026-04-16 11:38:59,357 - INFO - Starting load_file
2026-04-16 11:38:59,368 - INFO - Finished load_file
2026-04-16 11:38:59,369 - INFO - Starting clean_data
2026-04-16 11:38:59,372 - INFO - Finished clean_data
2026-04-16 11:38:59,378 - INFO - Starting save_file
2026-04-16 11:38:59,396 - INFO - Finished save_file
2026-04-16 11:41:54,198 - INFO - Starting load_file
2026-04-16 11:41:54,209 - INFO - Finished load_file
2026-04-16 11:41:54,210 - INFO - Starting clean_data
2026-04-16 11:41:54,212 - INFO - Finished clean_data
2026-04-16 11:41:54,220 - INFO - Starting save_file
2026-04-16 11:41:54,235 - INFO - Finished save_file
2026-04-16 11:45:04,323 - INFO - Starting load_file
2026-04-16 11:45:04,341 - INFO - Finished load_file
2026-04-16 11:45:04,345 - INFO - Starting clean_data
2026-04-16 11:45:04,353 - INFO - Finished clean_data
2026-04-16 11:45:04,362 - INFO - Starting save_file
2026-04-16 11:45:04,380 - INFO - Finished save_file
2026-04-16 11:47:11,514 - INFO - Starting load_file
2026-04-16 11:47:11,528 - INFO - Finished load_file
2026-04-16 11:47:11,529 - INFO - Starting clean_data
2026-04-16 11:47:11,534 - INFO - Finished clean_data
2026-04-16 11:47:11,543 - INFO - Starting save_file
2026-04-16 11:47:11,563 - INFO - Finished save_file
